<?xml version="1.0" encoding="UTF-8" ?>
<testsuite failures="0" time="0.159" errors="0" skipped="0" tests="4" name="uk.ac.ebi.ep.mm.UniprotSaxParserTest">
  <properties>
[...]
</properties>
  <testcase time="0.094" classname="uk.ac.ebi.ep.mm.UniprotSaxParserTest" name="testCharacters"/>
  <testcase time="0.001" classname="uk.ac.ebi.ep.mm.UniprotSaxParserTest" name="testStartElement"/>
  <testcase time="0" classname="uk.ac.ebi.ep.mm.UniprotSaxParserTest" name="testEndElement"/>
  <testcase time="0" classname="uk.ac.ebi.ep.mm.UniprotSaxParserTest" name="testListToString"/>
</testsuite>